1578502234 logs dir exists
1578502234 Root defined as /home/anzo/Storage/Drive2/Projects/SDLProject/Bin
1578502234 Starting init... So far so good :)
1578502234 Reading config...
1578502234 Accessing file: /home/anzo/Storage/Drive2/Projects/SDLProject/Bin/Assets/cfg.cfg
1578502234 Writing config file to buffer
1578502234 Config Read Complete : No errors to report, Thats good news !
1578502234 Remaining buffer : width="720"
fullscreen="0"

1578502234 Remaining buffer : fullscreen="0"

1578502234 Remaining buffer : 
1578502234 Returning config data
1578502234 cfg vector at 0 Contains: height="1280"
1578502234 cfg vector at 1 Contains: width="720"
1578502234 cfg vector at 2 Contains: fullscreen="0"
1578502234 Config read - No errors to report
1578502234 Current config is: 1280px
720px
fullscreen:0

1578502247 Cleaning up :)
