1579371850 logs dir exists
1579371850 Root defined as /home/anzo/Storage/Drive2/Projects/SDLProject/Bin
1579371850 Starting init... So far so good :)
1579371850 Reading config...
1579371850 Accessing file: /home/anzo/Storage/Drive2/Projects/SDLProject/Bin/Assets/cfg.cfg
1579371850 Writing config file to buffer
1579371850 Config Read Complete : No errors to report, Thats good news !
1579371850 Remaining buffer : width="1280"
fullscreen="0"

1579371850 Remaining buffer : fullscreen="0"

1579371850 Remaining buffer : 
1579371850 Returning config data
1579371850 cfg vector at 0 Contains: height="720"
1579371850 cfg vector at 1 Contains: width="1280"
1579371850 cfg vector at 2 Contains: fullscreen="0"
1579371850 Config read - No errors to report
1579371850 Current config is: 720px
1280px
fullscreen:0

1579371856 Cleaning up :)
